<?xml version="1.0" encoding="UTF-8"?>
<testng-results ignored="0" total="2" passed="2" failed="0" skipped="0">
  <reporter-output>
  </reporter-output>
  <suite started-at="2024-04-16T01:49:48 IST" name="Suite" finished-at="2024-04-16T01:51:18 IST" duration-ms="89531">
    <groups>
    </groups>
    <test started-at="2024-04-16T01:49:48 IST" name="Test" finished-at="2024-04-16T01:51:18 IST" duration-ms="89531">
      <class name="TestCases.FirstPage">
        <test-method is-config="true" signature="Configuration()[pri:0, instance:TestCases.FirstPage@50d13246]" started-at="2024-04-16T01:49:46 IST" name="Configuration" finished-at="2024-04-16T01:49:46 IST" duration-ms="47" status="PASS">
          <reporter-output>
          </reporter-output>
        </test-method> <!-- Configuration -->
        <test-method is-config="true" signature="ExcelDetails()[pri:0, instance:TestCases.FirstPage@50d13246]" started-at="2024-04-16T01:49:46 IST" name="ExcelDetails" finished-at="2024-04-16T01:49:48 IST" duration-ms="1964" status="PASS">
          <reporter-output>
          </reporter-output>
        </test-method> <!-- ExcelDetails -->
        <test-method is-config="true" signature="IntialSetup()[pri:0, instance:TestCases.FirstPage@50d13246]" started-at="2024-04-16T01:49:54 IST" name="IntialSetup" finished-at="2024-04-16T01:50:22 IST" duration-ms="28493" status="PASS">
          <reporter-output>
          </reporter-output>
        </test-method> <!-- IntialSetup -->
        <test-method signature="LoginPage()[pri:1, instance:TestCases.FirstPage@50d13246]" started-at="2024-04-16T01:50:22 IST" name="LoginPage" finished-at="2024-04-16T01:50:56 IST" duration-ms="34310" status="PASS">
          <reporter-output>
          </reporter-output>
        </test-method> <!-- LoginPage -->
        <test-method is-config="true" signature="SceenshotCondition(org.testng.ITestResult)[pri:0, instance:TestCases.FirstPage@50d13246]" started-at="2024-04-16T01:50:56 IST" name="SceenshotCondition" finished-at="2024-04-16T01:51:00 IST" duration-ms="3518" status="PASS">
          <params>
            <param index="0">
              <value>
                <![CDATA[[TestResult name=LoginPage status=SUCCESS method=FirstPage.LoginPage()[pri:1, instance:TestCases.FirstPage@50d13246] output={null}]]]>
              </value>
            </param>
          </params>
          <reporter-output>
          </reporter-output>
        </test-method> <!-- SceenshotCondition -->
        <test-method signature="GoToProductPage()[pri:2, instance:TestCases.FirstPage@50d13246]" started-at="2024-04-16T01:51:00 IST" name="GoToProductPage" finished-at="2024-04-16T01:51:17 IST" duration-ms="16731" status="PASS">
          <reporter-output>
          </reporter-output>
        </test-method> <!-- GoToProductPage -->
        <test-method is-config="true" signature="SceenshotCondition(org.testng.ITestResult)[pri:0, instance:TestCases.FirstPage@50d13246]" started-at="2024-04-16T01:51:17 IST" name="SceenshotCondition" finished-at="2024-04-16T01:51:17 IST" duration-ms="611" status="PASS">
          <params>
            <param index="0">
              <value>
                <![CDATA[[TestResult name=GoToProductPage status=SUCCESS method=FirstPage.GoToProductPage()[pri:2, instance:TestCases.FirstPage@50d13246] output={null}]]]>
              </value>
            </param>
          </params>
          <reporter-output>
          </reporter-output>
        </test-method> <!-- SceenshotCondition -->
        <test-method is-config="true" signature="TearDown()[pri:0, instance:TestCases.FirstPage@50d13246]" started-at="2024-04-16T01:51:17 IST" name="TearDown" finished-at="2024-04-16T01:51:18 IST" duration-ms="516" status="PASS">
          <reporter-output>
          </reporter-output>
        </test-method> <!-- TearDown -->
      </class> <!-- TestCases.FirstPage -->
    </test> <!-- Test -->
  </suite> <!-- Suite -->
</testng-results>
