<?xml version="1.0" encoding="UTF-8"?>
<testng-results ignored="0" total="2" passed="2" failed="0" skipped="0">
  <reporter-output>
  </reporter-output>
  <suite started-at="2024-04-16T17:47:47 IST" name="Suite" finished-at="2024-04-16T17:49:01 IST" duration-ms="74109">
    <groups>
    </groups>
    <test started-at="2024-04-16T17:47:47 IST" name="Test" finished-at="2024-04-16T17:49:01 IST" duration-ms="74109">
      <class name="TestCases.FirstPage">
        <test-method is-config="true" signature="Configuration()[pri:0, instance:TestCases.FirstPage@7fb95505]" started-at="2024-04-16T17:47:46 IST" name="Configuration" finished-at="2024-04-16T17:47:46 IST" duration-ms="70" status="PASS">
          <reporter-output>
          </reporter-output>
        </test-method> <!-- Configuration -->
        <test-method is-config="true" signature="ExcelDetails()[pri:0, instance:TestCases.FirstPage@7fb95505]" started-at="2024-04-16T17:47:46 IST" name="ExcelDetails" finished-at="2024-04-16T17:47:47 IST" duration-ms="759" status="PASS">
          <reporter-output>
          </reporter-output>
        </test-method> <!-- ExcelDetails -->
        <test-method is-config="true" signature="IntialSetup()[pri:0, instance:TestCases.FirstPage@7fb95505]" started-at="2024-04-16T17:47:52 IST" name="IntialSetup" finished-at="2024-04-16T17:48:06 IST" duration-ms="13733" status="PASS">
          <reporter-output>
          </reporter-output>
        </test-method> <!-- IntialSetup -->
        <test-method signature="LoginPage()[pri:1, instance:TestCases.FirstPage@7fb95505]" started-at="2024-04-16T17:48:06 IST" name="LoginPage" finished-at="2024-04-16T17:48:38 IST" duration-ms="32793" status="PASS">
          <reporter-output>
          </reporter-output>
        </test-method> <!-- LoginPage -->
        <test-method is-config="true" signature="SceenshotCondition(org.testng.ITestResult)[pri:0, instance:TestCases.FirstPage@7fb95505]" started-at="2024-04-16T17:48:38 IST" name="SceenshotCondition" finished-at="2024-04-16T17:48:42 IST" duration-ms="3095" status="PASS">
          <params>
            <param index="0">
              <value>
                <![CDATA[[TestResult name=LoginPage status=SUCCESS method=FirstPage.LoginPage()[pri:1, instance:TestCases.FirstPage@7fb95505] output={null}]]]>
              </value>
            </param>
          </params>
          <reporter-output>
          </reporter-output>
        </test-method> <!-- SceenshotCondition -->
        <test-method signature="GoToProductPage()[pri:2, instance:TestCases.FirstPage@7fb95505]" started-at="2024-04-16T17:48:42 IST" name="GoToProductPage" finished-at="2024-04-16T17:48:59 IST" duration-ms="17627" status="PASS">
          <reporter-output>
          </reporter-output>
        </test-method> <!-- GoToProductPage -->
        <test-method is-config="true" signature="SceenshotCondition(org.testng.ITestResult)[pri:0, instance:TestCases.FirstPage@7fb95505]" started-at="2024-04-16T17:48:59 IST" name="SceenshotCondition" finished-at="2024-04-16T17:49:00 IST" duration-ms="1039" status="PASS">
          <params>
            <param index="0">
              <value>
                <![CDATA[[TestResult name=GoToProductPage status=SUCCESS method=FirstPage.GoToProductPage()[pri:2, instance:TestCases.FirstPage@7fb95505] output={null}]]]>
              </value>
            </param>
          </params>
          <reporter-output>
          </reporter-output>
        </test-method> <!-- SceenshotCondition -->
        <test-method is-config="true" signature="TearDown()[pri:0, instance:TestCases.FirstPage@7fb95505]" started-at="2024-04-16T17:49:00 IST" name="TearDown" finished-at="2024-04-16T17:49:01 IST" duration-ms="494" status="PASS">
          <reporter-output>
          </reporter-output>
        </test-method> <!-- TearDown -->
      </class> <!-- TestCases.FirstPage -->
    </test> <!-- Test -->
  </suite> <!-- Suite -->
</testng-results>
