<?xml version="1.0" encoding="UTF-8"?>
<!-- Generated by org.testng.reporters.JUnitXMLReporter -->
<testsuite ignored="2" hostname="Nirajs-MacBook-Air.local" failures="0" tests="2" name="Test" time="74.109" errors="0" timestamp="2024-04-16T17:49:06 IST">
  <testcase classname="TestCases.FirstPage" name="LoginPage" time="32.793"/>
  <testcase classname="TestCases.FirstPage" name="GoToProductPage" time="17.627"/>
  <testcase classname="TestCases.FirstPage" name="LoginCredentials" time="0.0">
    <ignored/>
  </testcase> <!-- LoginCredentials -->
  <testcase classname="TestCases.FirstPage" name="FactorySetup" time="0.0">
    <ignored/>
  </testcase> <!-- FactorySetup -->
</testsuite> <!-- Test -->
