<?xml version="1.0" encoding="UTF-8"?>
<!-- Generated by org.testng.reporters.JUnitXMLReporter -->
<testsuite ignored="2" hostname="Nirajs-MacBook-Air.local" failures="0" tests="2" name="Default test" time="63.776" errors="0" timestamp="2024-04-15T03:49:38 IST">
  <testcase classname="TestCases.FirstPage" name="LoginPage" time="32.43"/>
  <testcase classname="TestCases.FirstPage" name="GoToProductPage" time="16.956"/>
  <testcase classname="TestCases.FirstPage" name="FactorySetup" time="0.0">
    <ignored/>
  </testcase> <!-- FactorySetup -->
  <testcase classname="TestCases.FirstPage" name="LoginCredentials" time="0.0">
    <ignored/>
  </testcase> <!-- LoginCredentials -->
</testsuite> <!-- Default test -->
